[2020-09-11T09:28:40+08:00][error] [0]Call to undefined method app\platform\controller\Test::param()[D:\phpstudy_pro\WWW\auth_check-dev-3\app\platform\controller\Test.php:22]
[2020-09-11T09:29:05+08:00][error] [0]Call to undefined method app\platform\controller\Test::param()[D:\phpstudy_pro\WWW\auth_check-dev-3\app\platform\controller\Test.php:22]
[2020-09-11T09:29:44+08:00][error] [0]variable type error： boolean[D:\phpstudy_pro\WWW\auth_check-dev-3\vendor\topthink\framework\src\think\Response.php:392]
[2020-09-11T09:33:05+08:00][error] [0]Call to undefined method app\platform\controller\Test::param()[D:\phpstudy_pro\WWW\auth_check-dev-3\app\platform\controller\Test.php:22]
[2020-09-11T09:33:56+08:00][error] [0]variable type error： boolean[D:\phpstudy_pro\WWW\auth_check-dev-3\vendor\topthink\framework\src\think\Response.php:392]
[2020-09-11T09:35:16+08:00][error] [0]variable type error： boolean[D:\phpstudy_pro\WWW\auth_check-dev-3\vendor\topthink\framework\src\think\Response.php:392]
[2020-09-11T09:42:49+08:00][error] [0]variable type error： boolean[D:\phpstudy_pro\WWW\auth_check-dev-3\vendor\topthink\framework\src\think\Response.php:392]
[2020-09-11T09:42:50+08:00][error] [0]variable type error： boolean[D:\phpstudy_pro\WWW\auth_check-dev-3\vendor\topthink\framework\src\think\Response.php:392]
[2020-09-11T09:42:50+08:00][error] [0]variable type error： boolean[D:\phpstudy_pro\WWW\auth_check-dev-3\vendor\topthink\framework\src\think\Response.php:392]
[2020-09-11T09:42:50+08:00][error] [0]variable type error： boolean[D:\phpstudy_pro\WWW\auth_check-dev-3\vendor\topthink\framework\src\think\Response.php:392]
[2020-09-11T09:42:51+08:00][error] [0]variable type error： boolean[D:\phpstudy_pro\WWW\auth_check-dev-3\vendor\topthink\framework\src\think\Response.php:392]
[2020-09-11T09:42:51+08:00][error] [0]variable type error： boolean[D:\phpstudy_pro\WWW\auth_check-dev-3\vendor\topthink\framework\src\think\Response.php:392]
[2020-09-11T09:42:52+08:00][error] [0]variable type error： boolean[D:\phpstudy_pro\WWW\auth_check-dev-3\vendor\topthink\framework\src\think\Response.php:392]
[2020-09-11T09:43:07+08:00][error] [0]variable type error： boolean[D:\phpstudy_pro\WWW\auth_check-dev-3\vendor\topthink\framework\src\think\Response.php:392]
[2020-09-11T09:43:07+08:00][error] [0]variable type error： boolean[D:\phpstudy_pro\WWW\auth_check-dev-3\vendor\topthink\framework\src\think\Response.php:392]
[2020-09-11T09:43:08+08:00][error] [0]variable type error： boolean[D:\phpstudy_pro\WWW\auth_check-dev-3\vendor\topthink\framework\src\think\Response.php:392]
[2020-09-11T09:43:08+08:00][error] [0]variable type error： boolean[D:\phpstudy_pro\WWW\auth_check-dev-3\vendor\topthink\framework\src\think\Response.php:392]
[2020-09-11T09:43:08+08:00][error] [0]variable type error： boolean[D:\phpstudy_pro\WWW\auth_check-dev-3\vendor\topthink\framework\src\think\Response.php:392]
[2020-09-11T09:43:08+08:00][error] [0]variable type error： boolean[D:\phpstudy_pro\WWW\auth_check-dev-3\vendor\topthink\framework\src\think\Response.php:392]
[2020-09-11T09:43:08+08:00][error] [0]variable type error： boolean[D:\phpstudy_pro\WWW\auth_check-dev-3\vendor\topthink\framework\src\think\Response.php:392]
[2020-09-11T09:43:09+08:00][error] [0]variable type error： boolean[D:\phpstudy_pro\WWW\auth_check-dev-3\vendor\topthink\framework\src\think\Response.php:392]
[2020-09-11T09:43:09+08:00][error] [0]variable type error： boolean[D:\phpstudy_pro\WWW\auth_check-dev-3\vendor\topthink\framework\src\think\Response.php:392]
[2020-09-11T09:43:09+08:00][error] [0]variable type error： boolean[D:\phpstudy_pro\WWW\auth_check-dev-3\vendor\topthink\framework\src\think\Response.php:392]
[2020-09-11T09:43:09+08:00][error] [0]variable type error： boolean[D:\phpstudy_pro\WWW\auth_check-dev-3\vendor\topthink\framework\src\think\Response.php:392]
[2020-09-11T09:43:09+08:00][error] [0]variable type error： boolean[D:\phpstudy_pro\WWW\auth_check-dev-3\vendor\topthink\framework\src\think\Response.php:392]
[2020-09-11T09:53:38+08:00][error] [0]variable type error： boolean[D:\phpstudy_pro\WWW\auth_check-dev-3\vendor\topthink\framework\src\think\Response.php:392]
[2020-09-11T11:10:18+08:00][error] 登录异常:Call to undefined method app\platform\validate\User::scene()|98
[2020-09-11T11:10:20+08:00][error] 登录异常:Call to undefined method app\platform\validate\User::scene()|98
[2020-09-11T11:10:21+08:00][error] 登录异常:Call to undefined method app\platform\validate\User::scene()|98
[2020-09-11T11:10:21+08:00][error] 登录异常:Call to undefined method app\platform\validate\User::scene()|98
[2020-09-11T11:10:22+08:00][error] 登录异常:Call to undefined method app\platform\validate\User::scene()|98
[2020-09-11T11:10:23+08:00][error] 登录异常:Call to undefined method app\platform\validate\User::scene()|98
[2020-09-11T11:12:23+08:00][error] 登录异常:Call to undefined method app\platform\validate\User::scene()|98
[2020-09-11T11:37:31+08:00][error] [0]语法错误: unexpected '->' (T_OBJECT_OPERATOR)[D:\phpstudy_pro\WWW\auth_check-dev-3\app\platform\controller\Users.php:27]
[2020-09-11T11:41:01+08:00][error] 登录异常:Undefined index: username|37
[2020-09-11T11:46:49+08:00][error] 注册用户异常：SQLSTATE[42S22]: Column not found: 1054 Unknown column 'invitation' in 'where clause' - 771
[2020-09-11T11:48:03+08:00][error] 注册用户异常：SQLSTATE[42S22]: Column not found: 1054 Unknown column 'invitation' in 'where clause' - 771
[2020-09-11T11:48:04+08:00][error] 注册用户异常：SQLSTATE[42S22]: Column not found: 1054 Unknown column 'invitation' in 'where clause' - 771
[2020-09-11T11:48:29+08:00][error] 注册用户异常：Argument 1 passed to think\Model::create() must be of the type array, string given, called in D:\phpstudy_pro\WWW\auth_check-dev-3\app\platform\service\UsersService.php on line 27 - 830
[2020-09-11T11:49:35+08:00][error] 注册用户异常：Argument 1 passed to think\Model::create() must be of the type array, string given, called in D:\phpstudy_pro\WWW\auth_check-dev-3\app\platform\service\UsersService.php on line 27 - 830
[2020-09-11T12:41:09+08:00][error] 修改交易密码异常：strlen() expects parameter 1 to be string, int given - 166
[2020-09-11T12:41:59+08:00][error] 修改交易密码异常：strlen() expects parameter 1 to be string, int given - 166
[2020-09-11T12:54:15+08:00][error] [0]Call to undefined method app\platform\controller\Test::param()[D:\phpstudy_pro\WWW\auth_check-dev-3\app\platform\controller\Test.php:23]
[2020-09-11T12:55:13+08:00][error] [0]Call to undefined method app\platform\controller\Test::param()[D:\phpstudy_pro\WWW\auth_check-dev-3\app\platform\controller\Test.php:25]
[2020-09-11T12:55:14+08:00][error] [0]Call to undefined method app\platform\controller\Test::param()[D:\phpstudy_pro\WWW\auth_check-dev-3\app\platform\controller\Test.php:25]
[2020-09-11T12:55:43+08:00][error] [0]Call to undefined method app\platform\controller\Test::param()[D:\phpstudy_pro\WWW\auth_check-dev-3\app\platform\controller\Test.php:25]
[2020-09-11T12:55:44+08:00][error] [0]Call to undefined method app\platform\controller\Test::param()[D:\phpstudy_pro\WWW\auth_check-dev-3\app\platform\controller\Test.php:25]
[2020-09-11T12:56:03+08:00][error] [0]Function name must be a string[D:\phpstudy_pro\WWW\auth_check-dev-3\app\platform\controller\Test.php:25]
[2020-09-11T12:56:47+08:00][error] [0]variable type error： array[D:\phpstudy_pro\WWW\auth_check-dev-3\vendor\topthink\framework\src\think\Response.php:392]
[2020-09-11T13:42:26+08:00][error] 注册用户异常：Undefined class constant 'id' - 39
[2020-09-11T14:27:15+08:00][error] [10501]SQLSTATE[42S22]: Column not found: 1054 Unknown column 'u_id' in 'where clause'[D:\phpstudy_pro\WWW\auth_check-dev-3\vendor\topthink\think-orm\src\db\PDOConnection.php:771]
[2020-09-11T14:27:21+08:00][error] [10501]SQLSTATE[42S22]: Column not found: 1054 Unknown column 'u_id' in 'where clause'[D:\phpstudy_pro\WWW\auth_check-dev-3\vendor\topthink\think-orm\src\db\PDOConnection.php:771]
[2020-09-11T14:33:41+08:00][error] [8]未定义数组索引: pid[D:\phpstudy_pro\WWW\auth_check-dev-3\app\platform\controller\Test.php:25]
[2020-09-11T14:33:43+08:00][error] [8]未定义数组索引: pid[D:\phpstudy_pro\WWW\auth_check-dev-3\app\platform\controller\Test.php:25]
[2020-09-11T14:33:45+08:00][error] [8]未定义数组索引: pid[D:\phpstudy_pro\WWW\auth_check-dev-3\app\platform\controller\Test.php:25]
[2020-09-11T14:33:47+08:00][error] [8]未定义数组索引: pid[D:\phpstudy_pro\WWW\auth_check-dev-3\app\platform\controller\Test.php:25]
[2020-09-11T14:33:47+08:00][error] [8]未定义数组索引: pid[D:\phpstudy_pro\WWW\auth_check-dev-3\app\platform\controller\Test.php:25]
[2020-09-11T14:33:48+08:00][error] [8]未定义数组索引: pid[D:\phpstudy_pro\WWW\auth_check-dev-3\app\platform\controller\Test.php:25]
[2020-09-11T14:33:48+08:00][error] [8]未定义数组索引: pid[D:\phpstudy_pro\WWW\auth_check-dev-3\app\platform\controller\Test.php:25]
[2020-09-11T14:33:48+08:00][error] [8]未定义数组索引: pid[D:\phpstudy_pro\WWW\auth_check-dev-3\app\platform\controller\Test.php:25]
[2020-09-11T14:33:49+08:00][error] [8]未定义数组索引: pid[D:\phpstudy_pro\WWW\auth_check-dev-3\app\platform\controller\Test.php:25]
[2020-09-11T14:33:49+08:00][error] [8]未定义数组索引: pid[D:\phpstudy_pro\WWW\auth_check-dev-3\app\platform\controller\Test.php:25]
[2020-09-11T14:33:50+08:00][error] [8]未定义数组索引: pid[D:\phpstudy_pro\WWW\auth_check-dev-3\app\platform\controller\Test.php:25]
[2020-09-11T14:48:53+08:00][error] [10500]查询表达式错误:USER_ID[D:\phpstudy_pro\WWW\auth_check-dev-3\vendor\topthink\think-orm\src\db\Builder.php:533]
[2020-09-11T15:03:31+08:00][error] 注册用户异常：SQLSTATE[HY000]: General error: 1364 Field 'p_id' doesn't have a default value - 771
[2020-09-11T15:11:18+08:00][error] 注册用户异常：SQLSTATE[HY000]: General error: 1364 Field 'p_id' doesn't have a default value - 771
[2020-09-11T15:14:36+08:00][error] [10501]SQLSTATE[HY000]: General error: 1364 Field 'p_id' doesn't have a default value[D:\phpstudy_pro\WWW\auth_check-dev-3\vendor\topthink\think-orm\src\db\PDOConnection.php:771]
[2020-09-11T15:16:00+08:00][error] [10501]SQLSTATE[HY000]: General error: 1364 Field 'p_id' doesn't have a default value[D:\phpstudy_pro\WWW\auth_check-dev-3\vendor\topthink\think-orm\src\db\PDOConnection.php:771]
[2020-09-11T15:16:36+08:00][error] [10501]SQLSTATE[HY000]: General error: 1364 Field 'stratum' doesn't have a default value[D:\phpstudy_pro\WWW\auth_check-dev-3\vendor\topthink\think-orm\src\db\PDOConnection.php:771]
[2020-09-11T15:16:41+08:00][error] [10501]SQLSTATE[HY000]: General error: 1364 Field 'stratum' doesn't have a default value[D:\phpstudy_pro\WWW\auth_check-dev-3\vendor\topthink\think-orm\src\db\PDOConnection.php:771]
[2020-09-11T15:17:52+08:00][error] [10501]SQLSTATE[HY000]: General error: 1364 Field 'stratum' doesn't have a default value[D:\phpstudy_pro\WWW\auth_check-dev-3\vendor\topthink\think-orm\src\db\PDOConnection.php:771]
[2020-09-11T15:20:54+08:00][error] [10501]SQLSTATE[HY000]: General error: 1364 Field 'stratum' doesn't have a default value[D:\phpstudy_pro\WWW\auth_check-dev-3\vendor\topthink\think-orm\src\db\PDOConnection.php:771]
[2020-09-11T15:30:10+08:00][error] [0]语法错误: unexpected ','[D:\phpstudy_pro\WWW\auth_check-dev-3\app\platform\controller\Test.php:38]
[2020-09-11T16:02:15+08:00][error] 修改用户状态异常：Undefined index: status - 224
[2020-09-11T16:03:19+08:00][error] 修改用户状态异常：Undefined index: status - 224
[2020-09-11T16:04:37+08:00][error] 修改用户状态异常：Undefined index: status - 224
[2020-09-11T16:05:47+08:00][error] 修改用户状态异常：Undefined index: status - 224
[2020-09-11T16:05:48+08:00][error] 修改用户状态异常：Undefined index: status - 224
[2020-09-11T16:05:48+08:00][error] 修改用户状态异常：Undefined index: status - 224
[2020-09-11T16:05:49+08:00][error] 修改用户状态异常：Undefined index: status - 224
[2020-09-11T16:05:49+08:00][error] 修改用户状态异常：Undefined index: status - 224
[2020-09-11T16:06:42+08:00][error] 修改用户状态异常：Undefined index: status - 224
[2020-09-11T16:06:44+08:00][error] 修改用户状态异常：Undefined index: status - 224
[2020-09-11T17:01:16+08:00][error] 注册用户异常：SQLSTATE[42S22]: Column not found: 1054 Unknown column '$relat' in 'field list' - 771
[2020-09-11T17:04:38+08:00][error] 注册用户异常：SQLSTATE[42S22]: Column not found: 1054 Unknown column '$relat' in 'field list' - 771
